-------------------------------------------------------------------------------
Test set: com.jitesh.spring.JPGenesisRestServicesApplicationTests
-------------------------------------------------------------------------------
Tests run: 1, Failures: 0, Errors: 1, Skipped: 0, Time elapsed: 1.657 s <<< FAILURE! - in com.jitesh.spring.JPGenesisRestServicesApplicationTests
com.jitesh.spring.JPGenesisRestServicesApplicationTests  Time elapsed: 1.655 s  <<< ERROR!
java.lang.IllegalStateException: Unable to find a @SpringBootConfiguration, you need to use @ContextConfiguration or @SpringBootTest(classes=...) with your test

